Heap:
 PSYoungGen      total 678912K, used 413260K [0x00000000d6500000, 0x0000000100000000, 0x0000000100000000)
  eden space 674816K, 60% used [0x00000000d6500000,0x00000000ef4f3240,0x00000000ff800000)
  from space 4096K, 90% used [0x00000000ff800000,0x00000000ffba0000,0x00000000ffc00000)
  to   space 4096K, 0% used [0x00000000ffc00000,0x00000000ffc00000,0x0000000100000000)
 ParOldGen       total 123392K, used 72035K [0x0000000082e00000, 0x000000008a680000, 0x00000000d6500000)
  object space 123392K, 58% used [0x0000000082e00000,0x0000000087458f18,0x000000008a680000)
 Metaspace       used 82451K, capacity 86248K, committed 87064K, reserved 1126400K
  class space    used 10016K, capacity 10632K, committed 10792K, reserved 1048576K
GC Heap History (10 events):
Event: 205842.718 GC heap before
{Heap before GC invocations=22839 (full 4):
 PSYoungGen      total 678912K, used 678496K [0x00000000d6500000, 0x0000000100000000, 0x0000000100000000)
  eden space 674816K, 100% used [0x00000000d6500000,0x00000000ff800000,0x00000000ff800000)
  from space 4096K, 89% used [0x00000000ffc00000,0x00000000fff98000,0x0000000100000000)
  to   space 4096K, 0% used [0x00000000ff800000,0x00000000ff800000,0x00000000ffc00000)
 ParOldGen       total 123392K, used 71899K [0x0000000082e00000, 0x000000008a680000, 0x00000000d6500000)
  object space 123392K, 58% used [0x0000000082e00000,0x0000000087436f18,0x000000008a680000)
 Metaspace       used 82451K, capacity 86248K, committed 87064K, reserved 1126400K
  class space    used 10016K, capacity 10632K, committed 10792K, reserved 1048576K
Event: 205842.731 GC heap after
Heap after GC invocations=22839 (full 4):
 PSYoungGen      total 678912K, used 3520K [0x00000000d6500000, 0x0000000100000000, 0x0000000100000000)
  eden space 674816K, 0% used [0x00000000d6500000,0x00000000d6500000,0x00000000ff800000)
  from space 4096K, 85% used [0x00000000ff800000,0x00000000ffb70000,0x00000000ffc00000)
  to   space 4096K, 0% used [0x00000000ffc00000,0x00000000ffc00000,0x0000000100000000)
 ParOldGen       total 123392K, used 71899K [0x0000000082e00000, 0x000000008a680000, 0x00000000d6500000)
  object space 123392K, 58% used [0x0000000082e00000,0x0000000087436f18,0x000000008a680000)
 Metaspace       used 82451K, capacity 86248K, committed 87064K, reserved 1126400K
  class space    used 10016K, capacity 10632K, committed 10792K, reserved 1048576K
}
Event: 205849.458 GC heap before
{Heap before GC invocations=22840 (full 4):
 PSYoungGen      total 678912K, used 678336K [0x00000000d6500000, 0x0000000100000000, 0x0000000100000000)
  eden space 674816K, 100% used [0x00000000d6500000,0x00000000ff800000,0x00000000ff800000)
  from space 4096K, 85% used [0x00000000ff800000,0x00000000ffb70000,0x00000000ffc00000)
  to   space 4096K, 0% used [0x00000000ffc00000,0x00000000ffc00000,0x0000000100000000)
 ParOldGen       total 123392K, used 71899K [0x0000000082e00000, 0x000000008a680000, 0x00000000d6500000)
  object space 123392K, 58% used [0x0000000082e00000,0x0000000087436f18,0x000000008a680000)
 Metaspace       used 82451K, capacity 86248K, committed 87064K, reserved 1126400K
  class space    used 10016K, capacity 10632K, committed 10792K, reserved 1048576K
Event: 205849.471 GC heap after
Heap after GC invocations=22840 (full 4):
 PSYoungGen      total 678912K, used 3584K [0x00000000d6500000, 0x0000000100000000, 0x0000000100000000)
  eden space 674816K, 0% used [0x00000000d6500000,0x00000000d6500000,0x00000000ff800000)
  from space 4096K, 87% used [0x00000000ffc00000,0x00000000fff80000,0x0000000100000000)
  to   space 4096K, 0% used [0x00000000ff800000,0x00000000ff800000,0x00000000ffc00000)
 ParOldGen       total 123392K, used 71939K [0x0000000082e00000, 0x000000008a680000, 0x00000000d6500000)
  object space 123392K, 58% used [0x0000000082e00000,0x0000000087440f18,0x000000008a680000)
 Metaspace       used 82451K, capacity 86248K, committed 87064K, reserved 1126400K
  class space    used 10016K, capacity 10632K, committed 10792K, reserved 1048576K
}
Event: 205856.146 GC heap before
{Heap before GC invocations=22841 (full 4):
 PSYoungGen      total 678912K, used 678400K [0x00000000d6500000, 0x0000000100000000, 0x0000000100000000)
  eden space 674816K, 100% used [0x00000000d6500000,0x00000000ff800000,0x00000000ff800000)
  from space 4096K, 87% used [0x00000000ffc00000,0x00000000fff80000,0x0000000100000000)
  to   space 4096K, 0% used [0x00000000ff800000,0x00000000ff800000,0x00000000ffc00000)
 ParOldGen       total 123392K, used 71939K [0x0000000082e00000, 0x000000008a680000, 0x00000000d6500000)
  object space 123392K, 58% used [0x0000000082e00000,0x0000000087440f18,0x000000008a680000)
 Metaspace       used 82451K, capacity 86248K, committed 87064K, reserved 1126400K
  class space    used 10016K, capacity 10632K, committed 10792K, reserved 1048576K
Event: 205856.165 GC heap after
Heap after GC invocations=22841 (full 4):
 PSYoungGen      total 678912K, used 3744K [0x00000000d6500000, 0x0000000100000000, 0x0000000100000000)
  eden space 674816K, 0% used [0x00000000d6500000,0x00000000d6500000,0x00000000ff800000)
  from space 4096K, 91% used [0x00000000ff800000,0x00000000ffba8000,0x00000000ffc00000)
  to   space 4096K, 0% used [0x00000000ffc00000,0x00000000ffc00000,0x0000000100000000)
 ParOldGen       total 123392K, used 71971K [0x0000000082e00000, 0x000000008a680000, 0x00000000d6500000)
  object space 123392K, 58% used [0x0000000082e00000,0x0000000087448f18,0x000000008a680000)
 Metaspace       used 82451K, capacity 86248K, committed 87064K, reserved 1126400K
  class space    used 10016K, capacity 10632K, committed 10792K, reserved 1048576K
}
Event: 205862.609 GC heap before
{Heap before GC invocations=22842 (full 4):
 PSYoungGen      total 678912K, used 678560K [0x00000000d6500000, 0x0000000100000000, 0x0000000100000000)
  eden space 674816K, 100% used [0x00000000d6500000,0x00000000ff800000,0x00000000ff800000)
  from space 4096K, 91% used [0x00000000ff800000,0x00000000ffba8000,0x00000000ffc00000)
  to   space 4096K, 0% used [0x00000000ffc00000,0x00000000ffc00000,0x0000000100000000)
 ParOldGen       total 123392K, used 71971K [0x0000000082e00000, 0x000000008a680000, 0x00000000d6500000)
  object space 123392K, 58% used [0x0000000082e00000,0x0000000087448f18,0x000000008a680000)
 Metaspace       used 82451K, capacity 86248K, committed 87064K, reserved 1126400K
  class space    used 10016K, capacity 10632K, committed 10792K, reserved 1048576K
Event: 205862.621 GC heap after
Heap after GC invocations=22842 (full 4):
 PSYoungGen      total 678912K, used 3744K [0x00000000d6500000, 0x0000000100000000, 0x0000000100000000)
  eden space 674816K, 0% used [0x00000000d6500000,0x00000000d6500000,0x00000000ff800000)
  from space 4096K, 91% used [0x00000000ffc00000,0x00000000fffa8000,0x0000000100000000)
  to   space 4096K, 0% used [0x00000000ff800000,0x00000000ff800000,0x00000000ffc00000)
 ParOldGen       total 123392K, used 72011K [0x0000000082e00000, 0x000000008a680000, 0x00000000d6500000)
  object space 123392K, 58% used [0x0000000082e00000,0x0000000087452f18,0x000000008a680000)
 Metaspace       used 82451K, capacity 86248K, committed 87064K, reserved 1126400K
  class space    used 10016K, capacity 10632K, committed 10792K, reserved 1048576K
}
Event: 205869.074 GC heap before
{Heap before GC invocations=22843 (full 4):
 PSYoungGen      total 678912K, used 678560K [0x00000000d6500000, 0x0000000100000000, 0x0000000100000000)
  eden space 674816K, 100% used [0x00000000d6500000,0x00000000ff800000,0x00000000ff800000)
  from space 4096K, 91% used [0x00000000ffc00000,0x00000000fffa8000,0x0000000100000000)
  to   space 4096K, 0% used [0x00000000ff800000,0x00000000ff800000,0x00000000ffc00000)
 ParOldGen       total 123392K, used 72011K [0x0000000082e00000, 0x000000008a680000, 0x00000000d6500000)
  object space 123392K, 58% used [0x0000000082e00000,0x0000000087452f18,0x000000008a680000)
 Metaspace       used 82451K, capacity 86248K, committed 87064K, reserved 1126400K
  class space    used 10016K, capacity 10632K, committed 10792K, reserved 1048576K
Event: 205869.086 GC heap after
Heap after GC invocations=22843 (full 4):
 PSYoungGen      total 678912K, used 3712K [0x00000000d6500000, 0x0000000100000000, 0x0000000100000000)
  eden space 674816K, 0% used [0x00000000d6500000,0x00000000d6500000,0x00000000ff800000)
  from space 4096K, 90% used [0x00000000ff800000,0x00000000ffba0000,0x00000000ffc00000)
  to   space 4096K, 0% used [0x00000000ffc00000,0x00000000ffc00000,0x0000000100000000)
 ParOldGen       total 123392K, used 72035K [0x0000000082e00000, 0x000000008a680000, 0x00000000d6500000)
  object space 123392K, 58% used [0x0000000082e00000,0x0000000087458f18,0x000000008a680000)
 Metaspace       used 82451K, capacity 86248K, committed 87064K, reserved 1126400K
  class space    used 10016K, capacity 10632K, committed 10792K, reserved 1048576K
}

